<?xml version="1.0" encoding="UTF-8"?>
<testng-results skipped="0" failed="0" total="2" passed="2">
  <reporter-output>
  </reporter-output>
  <suite name="Default suite" duration-ms="22" started-at="2020-05-11T09:51:38Z" finished-at="2020-05-11T09:51:38Z">
    <groups>
    </groups>
    <test name="Default test" duration-ms="22" started-at="2020-05-11T09:51:38Z" finished-at="2020-05-11T09:51:38Z">
      <class name="TastyTimes.MavenDemoProjectBuild.DemoSeleniumApi">
        <test-method status="PASS" signature="browserautomation()" name="browserautomation" duration-ms="10" started-at="2020-05-11T09:51:38Z" finished-at="2020-05-11T09:51:38Z">
        </test-method>
        <test-method status="PASS" signature="elementsui()" name="elementsui" duration-ms="0" started-at="2020-05-11T09:51:38Z" finished-at="2020-05-11T09:51:38Z">
        </test-method>
      </class>
    </test>
  </suite>
</testng-results>
